{
  "stats": {
    "suites": 1,
    "tests": 1,
    "passes": 1,
    "pending": 0,
    "failures": 0,
    "start": "2024-11-30T13:25:13.654Z",
    "end": "2024-11-30T13:26:29.080Z",
    "duration": 75426,
    "testsRegistered": 1,
    "passPercent": 100,
    "pendingPercent": 0,
    "other": 0,
    "hasOther": false,
    "skipped": 0,
    "hasSkipped": false
  },
  "results": [
    {
      "uuid": "89916a3a-1592-41ec-8e00-922a33c80aef",
      "title": "",
      "fullFile": "cypress/e2e/editorChanges.cy.js",
      "file": "cypress/e2e/editorChanges.cy.js",
      "beforeHooks": [],
      "afterHooks": [],
      "tests": [],
      "suites": [
        {
          "uuid": "be2cb65e-0c73-4b93-ae3b-29af3b7cbed4",
          "title": "React Email Editor v1.7.11 (Demo)",
          "fullFile": "",
          "file": "",
          "beforeHooks": [],
          "afterHooks": [],
          "tests": [
            {
              "title": "Change text properties",
              "fullTitle": "React Email Editor v1.7.11 (Demo) Change text properties",
              "timedOut": null,
              "duration": 7526,
              "state": "passed",
              "speed": "medium",
              "pass": true,
              "fail": false,
              "pending": false,
              "context": null,
              "code": "// Verify page title\n_EditorPage.default.verifyTitle();\n// Interact with the editor elements\n_EditorPage.default.headingText.should(\"have.text\", \"Mover. Maker. Boundary breaker.\");\n_EditorPage.default.headingText.invoke(\"click\");\n_EditorPage.default.segmentedControl.click();\n// Change font\n_EditorPage.default.changeFontToMontserrat();\n// Change color\n_EditorPage.default.changeColor('13D5CF');\n_EditorPage.default.headingText.invoke(\"click\");\n// Upload an image\n_EditorPage.default.uploadImage('cypress/fixtures/macpro.jpg');\n// Add a link to a button\n_EditorPage.default.addLinkToButton('https://unlayer.com/');\n// Export HTML\n_EditorPage.default.exportHTML();\n// Verify Export Alert\n_EditorPage.default.verifyExportAlert();",
              "err": {},
              "uuid": "758a889a-6731-4d99-8cce-41fdbd71d4f8",
              "parentUUID": "be2cb65e-0c73-4b93-ae3b-29af3b7cbed4",
              "isHook": false,
              "skipped": false
            }
          ],
          "suites": [],
          "passes": [
            "758a889a-6731-4d99-8cce-41fdbd71d4f8"
          ],
          "failures": [],
          "pending": [],
          "skipped": [],
          "duration": 7526,
          "root": false,
          "rootEmpty": false,
          "_timeout": 2000
        }
      ],
      "passes": [],
      "failures": [],
      "pending": [],
      "skipped": [],
      "duration": 0,
      "root": true,
      "rootEmpty": true,
      "_timeout": 2000
    }
  ],
  "meta": {
    "mocha": {
      "version": "7.0.1"
    },
    "mochawesome": {
      "options": {
        "quiet": false,
        "reportFilename": "mochawesome",
        "saveHtml": true,
        "saveJson": true,
        "consoleReporter": "spec",
        "useInlineDiffs": false,
        "code": true
      },
      "version": "7.1.3"
    },
    "marge": {
      "options": {
        "reportDir": "cypress/reports",
        "overwrite": true,
        "html": true,
        "json": true
      },
      "version": "6.2.0"
    }
  }
}